[2023-06-13 19:26:09 +0800] [1044] [INFO] Starting gunicorn 20.1.0
[2023-06-13 19:26:09 +0800] [1044] [INFO] Listening at: http://0.0.0.0:9999 (1044)
[2023-06-13 19:26:09 +0800] [1044] [INFO] Using worker: gthread
[2023-06-13 19:26:09 +0800] [1046] [INFO] Booting worker with pid: 1046
[2023-06-13 19:26:09 +0800] [1048] [INFO] Booting worker with pid: 1048
[2023-06-13 19:26:09 +0800] [1050] [INFO] Booting worker with pid: 1050
[2023-06-13 19:26:09 +0800] [1052] [INFO] Booting worker with pid: 1052
[2023-06-13 19:26:09 +0800] [1053] [INFO] Booting worker with pid: 1053
[2023-06-14 14:07:19 +0800] [1050] [INFO] Parent changed, shutting down: <Worker 1050>
[2023-06-14 14:07:19 +0800] [1050] [INFO] Worker exiting (pid: 1050)
[2023-06-14 14:07:19 +0800] [1052] [INFO] Parent changed, shutting down: <Worker 1052>
[2023-06-14 14:07:19 +0800] [1052] [INFO] Worker exiting (pid: 1052)
[2023-06-14 14:07:19 +0800] [1048] [INFO] Parent changed, shutting down: <Worker 1048>
[2023-06-14 14:07:19 +0800] [1048] [INFO] Worker exiting (pid: 1048)
[2023-06-14 14:07:20 +0800] [1053] [INFO] Parent changed, shutting down: <Worker 1053>
[2023-06-14 14:07:20 +0800] [1053] [INFO] Worker exiting (pid: 1053)
[2023-06-14 14:07:20 +0800] [1046] [INFO] Parent changed, shutting down: <Worker 1046>
[2023-06-14 14:07:20 +0800] [1046] [INFO] Worker exiting (pid: 1046)
[2023-06-14 14:09:06 +0800] [8865] [INFO] Starting gunicorn 20.1.0
[2023-06-14 14:09:06 +0800] [8865] [INFO] Listening at: http://0.0.0.0:9999 (8865)
[2023-06-14 14:09:06 +0800] [8865] [INFO] Using worker: gthread
[2023-06-14 14:09:06 +0800] [8867] [INFO] Booting worker with pid: 8867
[2023-06-14 14:09:07 +0800] [8868] [INFO] Booting worker with pid: 8868
[2023-06-14 14:09:07 +0800] [8869] [INFO] Booting worker with pid: 8869
[2023-06-14 14:09:07 +0800] [8871] [INFO] Booting worker with pid: 8871
[2023-06-14 14:09:07 +0800] [8873] [INFO] Booting worker with pid: 8873
[2023-06-19 16:26:54 +0800] [8871] [INFO] Parent changed, shutting down: <Worker 8871>
[2023-06-19 16:26:54 +0800] [8869] [INFO] Parent changed, shutting down: <Worker 8869>
[2023-06-19 16:26:55 +0800] [8867] [INFO] Parent changed, shutting down: <Worker 8867>
[2023-06-19 16:26:55 +0800] [8867] [INFO] Worker exiting (pid: 8867)
[2023-06-19 16:26:55 +0800] [8868] [INFO] Parent changed, shutting down: <Worker 8868>
[2023-06-19 16:26:55 +0800] [8868] [INFO] Worker exiting (pid: 8868)
[2023-06-19 16:26:55 +0800] [8873] [INFO] Parent changed, shutting down: <Worker 8873>
[2023-06-19 16:26:55 +0800] [8873] [INFO] Worker exiting (pid: 8873)
[2023-06-19 16:27:36 +0800] [23366] [INFO] Starting gunicorn 20.1.0
[2023-06-19 16:27:36 +0800] [23366] [INFO] Listening at: http://0.0.0.0:9999 (23366)
[2023-06-19 16:27:36 +0800] [23366] [INFO] Using worker: gthread
[2023-06-19 16:27:36 +0800] [23368] [INFO] Booting worker with pid: 23368
[2023-06-19 16:27:36 +0800] [23369] [INFO] Booting worker with pid: 23369
[2023-06-19 16:27:36 +0800] [23371] [INFO] Booting worker with pid: 23371
[2023-06-19 16:27:36 +0800] [23372] [INFO] Booting worker with pid: 23372
[2023-06-19 16:27:36 +0800] [23373] [INFO] Booting worker with pid: 23373
[2023-06-20 18:30:56 +0800] [23373] [INFO] Parent changed, shutting down: <Worker 23373>
[2023-06-20 18:30:56 +0800] [23373] [INFO] Worker exiting (pid: 23373)
[2023-06-20 18:30:56 +0800] [23372] [INFO] Parent changed, shutting down: <Worker 23372>
[2023-06-20 18:30:56 +0800] [23372] [INFO] Worker exiting (pid: 23372)
[2023-06-20 18:30:57 +0800] [23368] [INFO] Parent changed, shutting down: <Worker 23368>
[2023-06-20 18:30:57 +0800] [23368] [INFO] Worker exiting (pid: 23368)
[2023-06-20 18:30:57 +0800] [23369] [INFO] Parent changed, shutting down: <Worker 23369>
[2023-06-20 18:30:57 +0800] [23369] [INFO] Worker exiting (pid: 23369)
[2023-06-20 18:30:57 +0800] [23371] [INFO] Parent changed, shutting down: <Worker 23371>
[2023-06-20 18:30:57 +0800] [23371] [INFO] Worker exiting (pid: 23371)
[2023-06-20 19:17:30 +0800] [26807] [INFO] Starting gunicorn 20.1.0
[2023-06-20 19:17:30 +0800] [26807] [INFO] Listening at: http://0.0.0.0:9999 (26807)
[2023-06-20 19:17:30 +0800] [26807] [INFO] Using worker: gthread
[2023-06-20 19:17:30 +0800] [26809] [INFO] Booting worker with pid: 26809
[2023-06-20 19:17:30 +0800] [26810] [INFO] Booting worker with pid: 26810
[2023-06-20 19:17:30 +0800] [26811] [INFO] Booting worker with pid: 26811
[2023-06-20 19:17:31 +0800] [26813] [INFO] Booting worker with pid: 26813
[2023-06-20 19:17:31 +0800] [26815] [INFO] Booting worker with pid: 26815
[2023-07-25 16:45:58 +0800] [26815] [INFO] Parent changed, shutting down: <Worker 26815>
[2023-07-25 16:45:58 +0800] [26813] [INFO] Parent changed, shutting down: <Worker 26813>
[2023-07-25 16:45:58 +0800] [26811] [INFO] Parent changed, shutting down: <Worker 26811>
[2023-07-25 16:47:17 +0800] [8961] [INFO] Starting gunicorn 20.1.0
[2023-07-25 16:47:17 +0800] [8961] [INFO] Listening at: http://0.0.0.0:9999 (8961)
[2023-07-25 16:47:17 +0800] [8961] [INFO] Using worker: gthread
[2023-07-25 16:47:17 +0800] [8965] [INFO] Booting worker with pid: 8965
[2023-07-25 16:47:17 +0800] [8982] [INFO] Booting worker with pid: 8982
[2023-07-25 16:47:17 +0800] [8984] [INFO] Booting worker with pid: 8984
[2023-07-25 16:47:17 +0800] [8985] [INFO] Booting worker with pid: 8985
[2023-07-25 16:47:17 +0800] [8987] [INFO] Booting worker with pid: 8987
[2023-09-01 14:29:38 +0800] [8987] [INFO] Parent changed, shutting down: <Worker 8987>
[2023-09-01 14:29:38 +0800] [8985] [INFO] Parent changed, shutting down: <Worker 8985>
[2023-09-01 14:29:38 +0800] [8984] [INFO] Parent changed, shutting down: <Worker 8984>
[2023-09-01 14:29:38 +0800] [8982] [INFO] Parent changed, shutting down: <Worker 8982>
[2023-09-01 14:29:38 +0800] [8965] [INFO] Parent changed, shutting down: <Worker 8965>
[2023-09-01 14:30:08 +0800] [8985] [INFO] Worker exiting (pid: 8985)
[2023-09-01 14:30:08 +0800] [8984] [INFO] Worker exiting (pid: 8984)
[2023-09-01 14:30:08 +0800] [8982] [INFO] Worker exiting (pid: 8982)
[2023-09-01 14:30:08 +0800] [8965] [INFO] Worker exiting (pid: 8965)
[2023-09-01 14:31:02 +0800] [16062] [INFO] Starting gunicorn 20.1.0
[2023-09-01 14:31:02 +0800] [16062] [INFO] Listening at: http://0.0.0.0:9999 (16062)
[2023-09-01 14:31:02 +0800] [16062] [INFO] Using worker: gthread
[2023-09-01 14:31:02 +0800] [16064] [INFO] Booting worker with pid: 16064
[2023-09-01 14:31:02 +0800] [16065] [INFO] Booting worker with pid: 16065
[2023-09-01 14:31:02 +0800] [16067] [INFO] Booting worker with pid: 16067
[2023-09-01 14:31:03 +0800] [16068] [INFO] Booting worker with pid: 16068
[2023-09-01 14:31:03 +0800] [16070] [INFO] Booting worker with pid: 16070
[2023-10-17 16:10:04 +0800] [29088] [INFO] Starting gunicorn 20.1.0
[2023-10-17 16:10:04 +0800] [29088] [INFO] Listening at: http://0.0.0.0:9999 (29088)
[2023-10-17 16:10:04 +0800] [29088] [INFO] Using worker: gthread
[2023-10-17 16:10:04 +0800] [29090] [INFO] Booting worker with pid: 29090
[2023-10-17 16:10:04 +0800] [29091] [INFO] Booting worker with pid: 29091
[2023-10-17 16:10:04 +0800] [29093] [INFO] Booting worker with pid: 29093
[2023-10-17 16:10:04 +0800] [29094] [INFO] Booting worker with pid: 29094
[2023-10-17 16:10:04 +0800] [29095] [INFO] Booting worker with pid: 29095
[2023-11-27 16:15:09 +0800] [12409] [INFO] Starting gunicorn 20.1.0
[2023-11-27 16:15:09 +0800] [12409] [INFO] Listening at: http://0.0.0.0:9999 (12409)
[2023-11-27 16:15:09 +0800] [12409] [INFO] Using worker: gthread
[2023-11-27 16:15:09 +0800] [12411] [INFO] Booting worker with pid: 12411
[2023-11-27 16:15:09 +0800] [12412] [INFO] Booting worker with pid: 12412
[2023-11-27 16:15:09 +0800] [12413] [INFO] Booting worker with pid: 12413
[2023-11-27 16:15:09 +0800] [12415] [INFO] Booting worker with pid: 12415
[2023-11-27 16:15:09 +0800] [12414] [INFO] Booting worker with pid: 12414
[2024-01-08 10:56:41 +0800] [17899] [INFO] Starting gunicorn 20.1.0
[2024-01-08 10:56:41 +0800] [17899] [INFO] Listening at: http://0.0.0.0:9999 (17899)
[2024-01-08 10:56:41 +0800] [17899] [INFO] Using worker: gthread
[2024-01-08 10:56:41 +0800] [17901] [INFO] Booting worker with pid: 17901
[2024-01-08 10:56:41 +0800] [17902] [INFO] Booting worker with pid: 17902
[2024-01-08 10:56:41 +0800] [17903] [INFO] Booting worker with pid: 17903
[2024-01-08 10:56:41 +0800] [17904] [INFO] Booting worker with pid: 17904
[2024-01-08 10:56:41 +0800] [17905] [INFO] Booting worker with pid: 17905
